Determining if the pthread_create exist failed with the following output:
Change Dir: /home/jetson/kulla_ws/build/CMakeFiles/CMakeTmp

Run Build Command:"/usr/bin/make" "cmTC_d5683/fast"
/usr/bin/make -f CMakeFiles/cmTC_d5683.dir/build.make CMakeFiles/cmTC_d5683.dir/build
make[1]: Entering directory '/home/jetson/kulla_ws/build/CMakeFiles/CMakeTmp'
Building C object CMakeFiles/cmTC_d5683.dir/CheckSymbolExists.c.o
/usr/bin/cc    -o CMakeFiles/cmTC_d5683.dir/CheckSymbolExists.c.o   -c /home/jetson/kulla_ws/build/CMakeFiles/CMakeTmp/CheckSymbolExists.c
Linking C executable cmTC_d5683
/usr/bin/cmake -E cmake_link_script CMakeFiles/cmTC_d5683.dir/link.txt --verbose=1
/usr/bin/cc      -rdynamic CMakeFiles/cmTC_d5683.dir/CheckSymbolExists.c.o  -o cmTC_d5683 
CMakeFiles/cmTC_d5683.dir/CheckSymbolExists.c.o: In function `main':
CheckSymbolExists.c:(.text+0x14): undefined reference to `pthread_create'
CheckSymbolExists.c:(.text+0x18): undefined reference to `pthread_create'
collect2: error: ld returned 1 exit status
CMakeFiles/cmTC_d5683.dir/build.make:97: recipe for target 'cmTC_d5683' failed
make[1]: *** [cmTC_d5683] Error 1
make[1]: Leaving directory '/home/jetson/kulla_ws/build/CMakeFiles/CMakeTmp'
Makefile:126: recipe for target 'cmTC_d5683/fast' failed
make: *** [cmTC_d5683/fast] Error 2

File /home/jetson/kulla_ws/build/CMakeFiles/CMakeTmp/CheckSymbolExists.c:
/* */
#include <pthread.h>

int main(int argc, char** argv)
{
  (void)argv;
#ifndef pthread_create
  return ((int*)(&pthread_create))[argc];
#else
  (void)argc;
  return 0;
#endif
}

Determining if the function pthread_create exists in the pthreads failed with the following output:
Change Dir: /home/jetson/kulla_ws/build/CMakeFiles/CMakeTmp

Run Build Command:"/usr/bin/make" "cmTC_a3051/fast"
/usr/bin/make -f CMakeFiles/cmTC_a3051.dir/build.make CMakeFiles/cmTC_a3051.dir/build
make[1]: Entering directory '/home/jetson/kulla_ws/build/CMakeFiles/CMakeTmp'
Building C object CMakeFiles/cmTC_a3051.dir/CheckFunctionExists.c.o
/usr/bin/cc   -DCHECK_FUNCTION_EXISTS=pthread_create   -o CMakeFiles/cmTC_a3051.dir/CheckFunctionExists.c.o   -c /usr/share/cmake-3.10/Modules/CheckFunctionExists.c
Linking C executable cmTC_a3051
/usr/bin/cmake -E cmake_link_script CMakeFiles/cmTC_a3051.dir/link.txt --verbose=1
/usr/bin/cc  -DCHECK_FUNCTION_EXISTS=pthread_create    -rdynamic CMakeFiles/cmTC_a3051.dir/CheckFunctionExists.c.o  -o cmTC_a3051 -lpthreads 
/usr/bin/ld: cannot find -lpthreads
collect2: error: ld returned 1 exit status
CMakeFiles/cmTC_a3051.dir/build.make:97: recipe for target 'cmTC_a3051' failed
make[1]: *** [cmTC_a3051] Error 1
make[1]: Leaving directory '/home/jetson/kulla_ws/build/CMakeFiles/CMakeTmp'
Makefile:126: recipe for target 'cmTC_a3051/fast' failed
make: *** [cmTC_a3051/fast] Error 2


